# JRE version: Java(TM) SE Runtime Environment (8.0_121-b13) (build 1.8.0_121-b13)
# Java VM: Java HotSpot(TM) 64-Bit Server VM (25.121-b13 mixed mode windows-amd64 compressed oops)
Heap:
 PSYoungGen      total 115712K, used 32217K [0x00000000d5c00000, 0x00000000df700000, 0x0000000100000000)
  eden space 93184K, 15% used [0x00000000d5c00000,0x00000000d69e20d0,0x00000000db700000)
  from space 22528K, 79% used [0x00000000db700000,0x00000000dc894668,0x00000000dcd00000)
  to   space 19968K, 0% used [0x00000000dcd00000,0x00000000dcd00000,0x00000000de080000)
 ParOldGen       total 72192K, used 31601K [0x0000000081400000, 0x0000000085a80000, 0x00000000d5c00000)
  object space 72192K, 43% used [0x0000000081400000,0x00000000832dc528,0x0000000085a80000)
 Metaspace       used 32047K, capacity 33194K, committed 33536K, reserved 1079296K
  class space    used 2833K, capacity 3023K, committed 3072K, reserved 1048576K
GC Heap History (10 events):
Event: 2.049 GC heap before
{Heap before GC invocations=4 (full 1):
 PSYoungGen      total 38400K, used 5100K [0x00000000d5c00000, 0x00000000da700000, 0x0000000100000000)
  eden space 33280K, 0% used [0x00000000d5c00000,0x00000000d5c00000,0x00000000d7c80000)
  from space 5120K, 99% used [0x00000000d7c80000,0x00000000d817b010,0x00000000d8180000)
  to   space 5120K, 0% used [0x00000000da200000,0x00000000da200000,0x00000000da700000)
 ParOldGen       total 87552K, used 21807K [0x0000000081400000, 0x0000000086980000, 0x00000000d5c00000)
  object space 87552K, 24% used [0x0000000081400000,0x000000008294bcd0,0x0000000086980000)
 Metaspace       used 20338K, capacity 21194K, committed 21296K, reserved 1067008K
  class space    used 2675K, capacity 2879K, committed 2944K, reserved 1048576K
Event: 2.092 GC heap after
Heap after GC invocations=4 (full 1):
 PSYoungGen      total 38400K, used 0K [0x00000000d5c00000, 0x00000000da700000, 0x0000000100000000)
  eden space 33280K, 0% used [0x00000000d5c00000,0x00000000d5c00000,0x00000000d7c80000)
  from space 5120K, 0% used [0x00000000d7c80000,0x00000000d7c80000,0x00000000d8180000)
  to   space 5120K, 0% used [0x00000000da200000,0x00000000da200000,0x00000000da700000)
 ParOldGen       total 72192K, used 13225K [0x0000000081400000, 0x0000000085a80000, 0x00000000d5c00000)
  object space 72192K, 18% used [0x0000000081400000,0x00000000820ea468,0x0000000085a80000)
 Metaspace       used 20338K, capacity 21194K, committed 21296K, reserved 1067008K
  class space    used 2675K, capacity 2879K, committed 2944K, reserved 1048576K
}
Event: 2.286 GC heap before
{Heap before GC invocations=5 (full 1):
 PSYoungGen      total 38400K, used 32368K [0x00000000d5c00000, 0x00000000da700000, 0x0000000100000000)
  eden space 33280K, 97% used [0x00000000d5c00000,0x00000000d7b9c140,0x00000000d7c80000)
  from space 5120K, 0% used [0x00000000d7c80000,0x00000000d7c80000,0x00000000d8180000)
  to   space 5120K, 0% used [0x00000000da200000,0x00000000da200000,0x00000000da700000)
 ParOldGen       total 72192K, used 13225K [0x0000000081400000, 0x0000000085a80000, 0x00000000d5c00000)
  object space 72192K, 18% used [0x0000000081400000,0x00000000820ea468,0x0000000085a80000)
 Metaspace       used 20788K, capacity 21652K, committed 21888K, reserved 1069056K
  class space    used 2681K, capacity 2881K, committed 2944K, reserved 1048576K
Event: 2.297 GC heap after
Heap after GC invocations=5 (full 1):
 PSYoungGen      total 61440K, used 5116K [0x00000000d5c00000, 0x00000000da700000, 0x0000000100000000)
  eden space 56320K, 0% used [0x00000000d5c00000,0x00000000d5c00000,0x00000000d9300000)
  from space 5120K, 99% used [0x00000000da200000,0x00000000da6ff190,0x00000000da700000)
  to   space 5120K, 0% used [0x00000000d9d00000,0x00000000d9d00000,0x00000000da200000)
 ParOldGen       total 72192K, used 22356K [0x0000000081400000, 0x0000000085a80000, 0x00000000d5c00000)
  object space 72192K, 30% used [0x0000000081400000,0x00000000829d5328,0x0000000085a80000)
 Metaspace       used 20788K, capacity 21652K, committed 21888K, reserved 1069056K
  class space    used 2681K, capacity 2881K, committed 2944K, reserved 1048576K
}
Event: 2.625 GC heap before
{Heap before GC invocations=6 (full 1):
 PSYoungGen      total 61440K, used 61436K [0x00000000d5c00000, 0x00000000da700000, 0x0000000100000000)
  eden space 56320K, 100% used [0x00000000d5c00000,0x00000000d9300000,0x00000000d9300000)
  from space 5120K, 99% used [0x00000000da200000,0x00000000da6ff190,0x00000000da700000)
  to   space 5120K, 0% used [0x00000000d9d00000,0x00000000d9d00000,0x00000000da200000)
 ParOldGen       total 72192K, used 22356K [0x0000000081400000, 0x0000000085a80000, 0x00000000d5c00000)
  object space 72192K, 30% used [0x0000000081400000,0x00000000829d5328,0x0000000085a80000)
 Metaspace       used 23576K, capacity 24538K, committed 24704K, reserved 1071104K
  class space    used 2686K, capacity 2887K, committed 2944K, reserved 1048576K
Event: 2.642 GC heap after
Heap after GC invocations=6 (full 1):
 PSYoungGen      total 71680K, used 5095K [0x00000000d5c00000, 0x00000000de080000, 0x0000000100000000)
  eden space 66560K, 0% used [0x00000000d5c00000,0x00000000d5c00000,0x00000000d9d00000)
  from space 5120K, 99% used [0x00000000d9d00000,0x00000000da1f9cc8,0x00000000da200000)
  to   space 19968K, 0% used [0x00000000dcd00000,0x00000000dcd00000,0x00000000de080000)
 ParOldGen       total 72192K, used 31585K [0x0000000081400000, 0x0000000085a80000, 0x00000000d5c00000)
  object space 72192K, 43% used [0x0000000081400000,0x00000000832d8528,0x0000000085a80000)
 Metaspace       used 23576K, capacity 24538K, committed 24704K, reserved 1071104K
  class space    used 2686K, capacity 2887K, committed 2944K, reserved 1048576K
}
Event: 2.930 GC heap before
{Heap before GC invocations=7 (full 1):
 PSYoungGen      total 71680K, used 71193K [0x00000000d5c00000, 0x00000000de080000, 0x0000000100000000)
  eden space 66560K, 99% used [0x00000000d5c00000,0x00000000d9c8ca10,0x00000000d9d00000)
  from space 5120K, 99% used [0x00000000d9d00000,0x00000000da1f9cc8,0x00000000da200000)
  to   space 19968K, 0% used [0x00000000dcd00000,0x00000000dcd00000,0x00000000de080000)
 ParOldGen       total 72192K, used 31585K [0x0000000081400000, 0x0000000085a80000, 0x00000000d5c00000)
  object space 72192K, 43% used [0x0000000081400000,0x00000000832d8528,0x0000000085a80000)
 Metaspace       used 26696K, capacity 27660K, committed 28032K, reserved 1075200K
  class space    used 2692K, capacity 2893K, committed 2944K, reserved 1048576K
Event: 2.947 GC heap after
Heap after GC invocations=7 (full 1):
 PSYoungGen      total 113152K, used 19914K [0x00000000d5c00000, 0x00000000df700000, 0x0000000100000000)
  eden space 93184K, 0% used [0x00000000d5c00000,0x00000000d5c00000,0x00000000db700000)
  from space 19968K, 99% used [0x00000000dcd00000,0x00000000de072810,0x00000000de080000)
  to   space 22528K, 0% used [0x00000000db700000,0x00000000db700000,0x00000000dcd00000)
 ParOldGen       total 72192K, used 31593K [0x0000000081400000, 0x0000000085a80000, 0x00000000d5c00000)
  object space 72192K, 43% used [0x0000000081400000,0x00000000832da528,0x0000000085a80000)
 Metaspace       used 26696K, capacity 27660K, committed 28032K, reserved 1075200K
  class space    used 2692K, capacity 2893K, committed 2944K, reserved 1048576K
}
Event: 4.930 GC heap before
{Heap before GC invocations=8 (full 1):
 PSYoungGen      total 113152K, used 113098K [0x00000000d5c00000, 0x00000000df700000, 0x0000000100000000)
  eden space 93184K, 100% used [0x00000000d5c00000,0x00000000db700000,0x00000000db700000)
  from space 19968K, 99% used [0x00000000dcd00000,0x00000000de072810,0x00000000de080000)
  to   space 22528K, 0% used [0x00000000db700000,0x00000000db700000,0x00000000dcd00000)
 ParOldGen       total 72192K, used 31593K [0x0000000081400000, 0x0000000085a80000, 0x00000000d5c00000)
  object space 72192K, 43% used [0x0000000081400000,0x00000000832da528,0x0000000085a80000)
 Metaspace       used 31425K, capacity 32524K, committed 32768K, reserved 1079296K
  class space    used 2832K, capacity 3021K, committed 3072K, reserved 1048576K
Event: 4.956 GC heap after
Heap after GC invocations=8 (full 1):
 PSYoungGen      total 115712K, used 18001K [0x00000000d5c00000, 0x00000000df700000, 0x0000000100000000)
  eden space 93184K, 0% used [0x00000000d5c00000,0x00000000d5c00000,0x00000000db700000)
  from space 22528K, 79% used [0x00000000db700000,0x00000000dc894668,0x00000000dcd00000)
  to   space 19968K, 0% used [0x00000000dcd00000,0x00000000dcd00000,0x00000000de080000)
 ParOldGen       total 72192K, used 31601K [0x0000000081400000, 0x0000000085a80000, 0x00000000d5c00000)
  object space 72192K, 43% used [0x0000000081400000,0x00000000832dc528,0x0000000085a80000)
 Metaspace       used 31425K, capacity 32524K, committed 32768K, reserved 1079296K
  class space    used 2832K, capacity 3021K, committed 3072K, reserved 1048576K
}

