# JRE version: Java(TM) SE Runtime Environment (8.0_121-b13) (build 1.8.0_121-b13)
# Java VM: Java HotSpot(TM) 64-Bit Server VM (25.121-b13 mixed mode windows-amd64 compressed oops)
Heap:
 PSYoungGen      total 160768K, used 144594K [0x00000000d5c00000, 0x00000000e0680000, 0x0000000100000000)
  eden space 150016K, 96% used [0x00000000d5c00000,0x00000000de8a48e8,0x00000000dee80000)
  from space 10752K, 5% used [0x00000000dfc00000,0x00000000dfc90000,0x00000000e0680000)
  to   space 12288K, 0% used [0x00000000dee80000,0x00000000dee80000,0x00000000dfa80000)
 ParOldGen       total 67072K, used 25239K [0x0000000081400000, 0x0000000085580000, 0x00000000d5c00000)
  object space 67072K, 37% used [0x0000000081400000,0x0000000082ca5f58,0x0000000085580000)
 Metaspace       used 20621K, capacity 21480K, committed 21760K, reserved 1069056K
  class space    used 2540K, capacity 2736K, committed 2816K, reserved 1048576K
GC Heap History (10 events):
Event: 17.659 GC heap before
{Heap before GC invocations=23 (full 1):
 PSYoungGen      total 162304K, used 150816K [0x00000000d5c00000, 0x00000000e0680000, 0x0000000100000000)
  eden space 150016K, 100% used [0x00000000d5c00000,0x00000000dee80000,0x00000000dee80000)
  from space 12288K, 6% used [0x00000000dee80000,0x00000000def48000,0x00000000dfa80000)
  to   space 10752K, 0% used [0x00000000dfc00000,0x00000000dfc00000,0x00000000e0680000)
 ParOldGen       total 67072K, used 23703K [0x0000000081400000, 0x0000000085580000, 0x00000000d5c00000)
  object space 67072K, 35% used [0x0000000081400000,0x0000000082b25f58,0x0000000085580000)
 Metaspace       used 20621K, capacity 21480K, committed 21760K, reserved 1069056K
  class space    used 2540K, capacity 2736K, committed 2816K, reserved 1048576K
Event: 17.661 GC heap after
Heap after GC invocations=23 (full 1):
 PSYoungGen      total 160768K, used 608K [0x00000000d5c00000, 0x00000000e0680000, 0x0000000100000000)
  eden space 150016K, 0% used [0x00000000d5c00000,0x00000000d5c00000,0x00000000dee80000)
  from space 10752K, 5% used [0x00000000dfc00000,0x00000000dfc98000,0x00000000e0680000)
  to   space 12288K, 0% used [0x00000000dee80000,0x00000000dee80000,0x00000000dfa80000)
 ParOldGen       total 67072K, used 24055K [0x0000000081400000, 0x0000000085580000, 0x00000000d5c00000)
  object space 67072K, 35% used [0x0000000081400000,0x0000000082b7df58,0x0000000085580000)
 Metaspace       used 20621K, capacity 21480K, committed 21760K, reserved 1069056K
  class space    used 2540K, capacity 2736K, committed 2816K, reserved 1048576K
}
Event: 17.945 GC heap before
{Heap before GC invocations=24 (full 1):
 PSYoungGen      total 160768K, used 150624K [0x00000000d5c00000, 0x00000000e0680000, 0x0000000100000000)
  eden space 150016K, 100% used [0x00000000d5c00000,0x00000000dee80000,0x00000000dee80000)
  from space 10752K, 5% used [0x00000000dfc00000,0x00000000dfc98000,0x00000000e0680000)
  to   space 12288K, 0% used [0x00000000dee80000,0x00000000dee80000,0x00000000dfa80000)
 ParOldGen       total 67072K, used 24055K [0x0000000081400000, 0x0000000085580000, 0x00000000d5c00000)
  object space 67072K, 35% used [0x0000000081400000,0x0000000082b7df58,0x0000000085580000)
 Metaspace       used 20621K, capacity 21480K, committed 21760K, reserved 1069056K
  class space    used 2540K, capacity 2736K, committed 2816K, reserved 1048576K
Event: 17.946 GC heap after
Heap after GC invocations=24 (full 1):
 PSYoungGen      total 162304K, used 384K [0x00000000d5c00000, 0x00000000e0680000, 0x0000000100000000)
  eden space 150016K, 0% used [0x00000000d5c00000,0x00000000d5c00000,0x00000000dee80000)
  from space 12288K, 3% used [0x00000000dee80000,0x00000000deee0000,0x00000000dfa80000)
  to   space 10752K, 0% used [0x00000000dfc00000,0x00000000dfc00000,0x00000000e0680000)
 ParOldGen       total 67072K, used 24343K [0x0000000081400000, 0x0000000085580000, 0x00000000d5c00000)
  object space 67072K, 36% used [0x0000000081400000,0x0000000082bc5f58,0x0000000085580000)
 Metaspace       used 20621K, capacity 21480K, committed 21760K, reserved 1069056K
  class space    used 2540K, capacity 2736K, committed 2816K, reserved 1048576K
}
Event: 18.232 GC heap before
{Heap before GC invocations=25 (full 1):
 PSYoungGen      total 162304K, used 150400K [0x00000000d5c00000, 0x00000000e0680000, 0x0000000100000000)
  eden space 150016K, 100% used [0x00000000d5c00000,0x00000000dee80000,0x00000000dee80000)
  from space 12288K, 3% used [0x00000000dee80000,0x00000000deee0000,0x00000000dfa80000)
  to   space 10752K, 0% used [0x00000000dfc00000,0x00000000dfc00000,0x00000000e0680000)
 ParOldGen       total 67072K, used 24343K [0x0000000081400000, 0x0000000085580000, 0x00000000d5c00000)
  object space 67072K, 36% used [0x0000000081400000,0x0000000082bc5f58,0x0000000085580000)
 Metaspace       used 20621K, capacity 21480K, committed 21760K, reserved 1069056K
  class space    used 2540K, capacity 2736K, committed 2816K, reserved 1048576K
Event: 18.273 GC heap after
Heap after GC invocations=25 (full 1):
 PSYoungGen      total 160768K, used 1248K [0x00000000d5c00000, 0x00000000e0680000, 0x0000000100000000)
  eden space 150016K, 0% used [0x00000000d5c00000,0x00000000d5c00000,0x00000000dee80000)
  from space 10752K, 11% used [0x00000000dfc00000,0x00000000dfd38000,0x00000000e0680000)
  to   space 12288K, 0% used [0x00000000dee80000,0x00000000dee80000,0x00000000dfa80000)
 ParOldGen       total 67072K, used 24639K [0x0000000081400000, 0x0000000085580000, 0x00000000d5c00000)
  object space 67072K, 36% used [0x0000000081400000,0x0000000082c0ff58,0x0000000085580000)
 Metaspace       used 20621K, capacity 21480K, committed 21760K, reserved 1069056K
  class space    used 2540K, capacity 2736K, committed 2816K, reserved 1048576K
}
Event: 18.551 GC heap before
{Heap before GC invocations=26 (full 1):
 PSYoungGen      total 160768K, used 151264K [0x00000000d5c00000, 0x00000000e0680000, 0x0000000100000000)
  eden space 150016K, 100% used [0x00000000d5c00000,0x00000000dee80000,0x00000000dee80000)
  from space 10752K, 11% used [0x00000000dfc00000,0x00000000dfd38000,0x00000000e0680000)
  to   space 12288K, 0% used [0x00000000dee80000,0x00000000dee80000,0x00000000dfa80000)
 ParOldGen       total 67072K, used 24639K [0x0000000081400000, 0x0000000085580000, 0x00000000d5c00000)
  object space 67072K, 36% used [0x0000000081400000,0x0000000082c0ff58,0x0000000085580000)
 Metaspace       used 20621K, capacity 21480K, committed 21760K, reserved 1069056K
  class space    used 2540K, capacity 2736K, committed 2816K, reserved 1048576K
Event: 18.553 GC heap after
Heap after GC invocations=26 (full 1):
 PSYoungGen      total 162304K, used 352K [0x00000000d5c00000, 0x00000000e0680000, 0x0000000100000000)
  eden space 150016K, 0% used [0x00000000d5c00000,0x00000000d5c00000,0x00000000dee80000)
  from space 12288K, 2% used [0x00000000dee80000,0x00000000deed8000,0x00000000dfa80000)
  to   space 10752K, 0% used [0x00000000dfc00000,0x00000000dfc00000,0x00000000e0680000)
 ParOldGen       total 67072K, used 24983K [0x0000000081400000, 0x0000000085580000, 0x00000000d5c00000)
  object space 67072K, 37% used [0x0000000081400000,0x0000000082c65f58,0x0000000085580000)
 Metaspace       used 20621K, capacity 21480K, committed 21760K, reserved 1069056K
  class space    used 2540K, capacity 2736K, committed 2816K, reserved 1048576K
}
Event: 18.832 GC heap before
{Heap before GC invocations=27 (full 1):
 PSYoungGen      total 162304K, used 150368K [0x00000000d5c00000, 0x00000000e0680000, 0x0000000100000000)
  eden space 150016K, 100% used [0x00000000d5c00000,0x00000000dee80000,0x00000000dee80000)
  from space 12288K, 2% used [0x00000000dee80000,0x00000000deed8000,0x00000000dfa80000)
  to   space 10752K, 0% used [0x00000000dfc00000,0x00000000dfc00000,0x00000000e0680000)
 ParOldGen       total 67072K, used 24983K [0x0000000081400000, 0x0000000085580000, 0x00000000d5c00000)
  object space 67072K, 37% used [0x0000000081400000,0x0000000082c65f58,0x0000000085580000)
 Metaspace       used 20621K, capacity 21480K, committed 21760K, reserved 1069056K
  class space    used 2540K, capacity 2736K, committed 2816K, reserved 1048576K
Event: 18.834 GC heap after
Heap after GC invocations=27 (full 1):
 PSYoungGen      total 160768K, used 576K [0x00000000d5c00000, 0x00000000e0680000, 0x0000000100000000)
  eden space 150016K, 0% used [0x00000000d5c00000,0x00000000d5c00000,0x00000000dee80000)
  from space 10752K, 5% used [0x00000000dfc00000,0x00000000dfc90000,0x00000000e0680000)
  to   space 12288K, 0% used [0x00000000dee80000,0x00000000dee80000,0x00000000dfa80000)
 ParOldGen       total 67072K, used 25239K [0x0000000081400000, 0x0000000085580000, 0x00000000d5c00000)
  object space 67072K, 37% used [0x0000000081400000,0x0000000082ca5f58,0x0000000085580000)
 Metaspace       used 20621K, capacity 21480K, committed 21760K, reserved 1069056K
  class space    used 2540K, capacity 2736K, committed 2816K, reserved 1048576K
}

