# JRE version: Java(TM) SE Runtime Environment (8.0_121-b13) (build 1.8.0_121-b13)
# Java VM: Java HotSpot(TM) 64-Bit Server VM (25.121-b13 mixed mode windows-amd64 compressed oops)
Heap:
 PSYoungGen      total 125952K, used 83648K [0x00000000d5c00000, 0x00000000deb00000, 0x0000000100000000)
  eden space 106496K, 77% used [0x00000000d5c00000,0x00000000daca01f8,0x00000000dc400000)
  from space 19456K, 5% used [0x00000000dd800000,0x00000000dd910000,0x00000000deb00000)
  to   space 19968K, 0% used [0x00000000dc400000,0x00000000dc400000,0x00000000dd780000)
 ParOldGen       total 87552K, used 34316K [0x0000000081400000, 0x0000000086980000, 0x00000000d5c00000)
  object space 87552K, 39% used [0x0000000081400000,0x0000000083583220,0x0000000086980000)
 Metaspace       used 19667K, capacity 20442K, committed 20608K, reserved 1067008K
  class space    used 2416K, capacity 2608K, committed 2688K, reserved 1048576K
GC Heap History (10 events):
Event: 3.256 GC heap before
{Heap before GC invocations=6 (full 0):
 PSYoungGen      total 71680K, used 71656K [0x00000000d5c00000, 0x00000000da700000, 0x0000000100000000)
  eden space 66560K, 100% used [0x00000000d5c00000,0x00000000d9d00000,0x00000000d9d00000)
  from space 5120K, 99% used [0x00000000d9d00000,0x00000000da1fa2d8,0x00000000da200000)
  to   space 5120K, 0% used [0x00000000da200000,0x00000000da200000,0x00000000da700000)
 ParOldGen       total 87552K, used 27708K [0x0000000081400000, 0x0000000086980000, 0x00000000d5c00000)
  object space 87552K, 31% used [0x0000000081400000,0x0000000082f0f2a8,0x0000000086980000)
 Metaspace       used 19648K, capacity 20442K, committed 20608K, reserved 1067008K
  class space    used 2416K, capacity 2608K, committed 2688K, reserved 1048576K
Event: 3.266 GC heap after
Heap after GC invocations=6 (full 0):
 PSYoungGen      total 71680K, used 5112K [0x00000000d5c00000, 0x00000000da700000, 0x0000000100000000)
  eden space 66560K, 0% used [0x00000000d5c00000,0x00000000d5c00000,0x00000000d9d00000)
  from space 5120K, 99% used [0x00000000da200000,0x00000000da6fe2e8,0x00000000da700000)
  to   space 5120K, 0% used [0x00000000d9d00000,0x00000000d9d00000,0x00000000da200000)
 ParOldGen       total 87552K, used 28260K [0x0000000081400000, 0x0000000086980000, 0x00000000d5c00000)
  object space 87552K, 32% used [0x0000000081400000,0x0000000082f992a8,0x0000000086980000)
 Metaspace       used 19648K, capacity 20442K, committed 20608K, reserved 1067008K
  class space    used 2416K, capacity 2608K, committed 2688K, reserved 1048576K
}
Event: 3.543 GC heap before
{Heap before GC invocations=7 (full 0):
 PSYoungGen      total 71680K, used 71672K [0x00000000d5c00000, 0x00000000da700000, 0x0000000100000000)
  eden space 66560K, 100% used [0x00000000d5c00000,0x00000000d9d00000,0x00000000d9d00000)
  from space 5120K, 99% used [0x00000000da200000,0x00000000da6fe2e8,0x00000000da700000)
  to   space 5120K, 0% used [0x00000000d9d00000,0x00000000d9d00000,0x00000000da200000)
 ParOldGen       total 87552K, used 28260K [0x0000000081400000, 0x0000000086980000, 0x00000000d5c00000)
  object space 87552K, 32% used [0x0000000081400000,0x0000000082f992a8,0x0000000086980000)
 Metaspace       used 19649K, capacity 20442K, committed 20608K, reserved 1067008K
  class space    used 2416K, capacity 2608K, committed 2688K, reserved 1048576K
Event: 3.556 GC heap after
Heap after GC invocations=7 (full 0):
 PSYoungGen      total 71680K, used 1644K [0x00000000d5c00000, 0x00000000da700000, 0x0000000100000000)
  eden space 66560K, 0% used [0x00000000d5c00000,0x00000000d5c00000,0x00000000d9d00000)
  from space 5120K, 32% used [0x00000000d9d00000,0x00000000d9e9b2e8,0x00000000da200000)
  to   space 5120K, 0% used [0x00000000da200000,0x00000000da200000,0x00000000da700000)
 ParOldGen       total 87552K, used 32369K [0x0000000081400000, 0x0000000086980000, 0x00000000d5c00000)
  object space 87552K, 36% used [0x0000000081400000,0x000000008339c6a8,0x0000000086980000)
 Metaspace       used 19649K, capacity 20442K, committed 20608K, reserved 1067008K
  class space    used 2416K, capacity 2608K, committed 2688K, reserved 1048576K
}
Event: 3.806 GC heap before
{Heap before GC invocations=8 (full 0):
 PSYoungGen      total 71680K, used 68204K [0x00000000d5c00000, 0x00000000da700000, 0x0000000100000000)
  eden space 66560K, 100% used [0x00000000d5c00000,0x00000000d9d00000,0x00000000d9d00000)
  from space 5120K, 32% used [0x00000000d9d00000,0x00000000d9e9b2e8,0x00000000da200000)
  to   space 5120K, 0% used [0x00000000da200000,0x00000000da200000,0x00000000da700000)
 ParOldGen       total 87552K, used 32369K [0x0000000081400000, 0x0000000086980000, 0x00000000d5c00000)
  object space 87552K, 36% used [0x0000000081400000,0x000000008339c6a8,0x0000000086980000)
 Metaspace       used 19656K, capacity 20442K, committed 20608K, reserved 1067008K
  class space    used 2416K, capacity 2608K, committed 2688K, reserved 1048576K
Event: 3.812 GC heap after
Heap after GC invocations=8 (full 0):
 PSYoungGen      total 71680K, used 1344K [0x00000000d5c00000, 0x00000000da700000, 0x0000000100000000)
  eden space 66560K, 0% used [0x00000000d5c00000,0x00000000d5c00000,0x00000000d9d00000)
  from space 5120K, 26% used [0x00000000da200000,0x00000000da350000,0x00000000da700000)
  to   space 5120K, 0% used [0x00000000d9d00000,0x00000000d9d00000,0x00000000da200000)
 ParOldGen       total 87552K, used 33220K [0x0000000081400000, 0x0000000086980000, 0x00000000d5c00000)
  object space 87552K, 37% used [0x0000000081400000,0x0000000083471220,0x0000000086980000)
 Metaspace       used 19656K, capacity 20442K, committed 20608K, reserved 1067008K
  class space    used 2416K, capacity 2608K, committed 2688K, reserved 1048576K
}
Event: 4.024 GC heap before
{Heap before GC invocations=9 (full 0):
 PSYoungGen      total 71680K, used 67904K [0x00000000d5c00000, 0x00000000da700000, 0x0000000100000000)
  eden space 66560K, 100% used [0x00000000d5c00000,0x00000000d9d00000,0x00000000d9d00000)
  from space 5120K, 26% used [0x00000000da200000,0x00000000da350000,0x00000000da700000)
  to   space 5120K, 0% used [0x00000000d9d00000,0x00000000d9d00000,0x00000000da200000)
 ParOldGen       total 87552K, used 33220K [0x0000000081400000, 0x0000000086980000, 0x00000000d5c00000)
  object space 87552K, 37% used [0x0000000081400000,0x0000000083471220,0x0000000086980000)
 Metaspace       used 19656K, capacity 20442K, committed 20608K, reserved 1067008K
  class space    used 2416K, capacity 2608K, committed 2688K, reserved 1048576K
Event: 4.029 GC heap after
Heap after GC invocations=9 (full 0):
 PSYoungGen      total 71680K, used 1664K [0x00000000d5c00000, 0x00000000dec00000, 0x0000000100000000)
  eden space 66560K, 0% used [0x00000000d5c00000,0x00000000d5c00000,0x00000000d9d00000)
  from space 5120K, 32% used [0x00000000d9d00000,0x00000000d9ea0000,0x00000000da200000)
  to   space 20480K, 0% used [0x00000000dd800000,0x00000000dd800000,0x00000000dec00000)
 ParOldGen       total 87552K, used 33420K [0x0000000081400000, 0x0000000086980000, 0x00000000d5c00000)
  object space 87552K, 38% used [0x0000000081400000,0x00000000834a3220,0x0000000086980000)
 Metaspace       used 19656K, capacity 20442K, committed 20608K, reserved 1067008K
  class space    used 2416K, capacity 2608K, committed 2688K, reserved 1048576K
}
Event: 4.211 GC heap before
{Heap before GC invocations=10 (full 0):
 PSYoungGen      total 71680K, used 68224K [0x00000000d5c00000, 0x00000000dec00000, 0x0000000100000000)
  eden space 66560K, 100% used [0x00000000d5c00000,0x00000000d9d00000,0x00000000d9d00000)
  from space 5120K, 32% used [0x00000000d9d00000,0x00000000d9ea0000,0x00000000da200000)
  to   space 20480K, 0% used [0x00000000dd800000,0x00000000dd800000,0x00000000dec00000)
 ParOldGen       total 87552K, used 33420K [0x0000000081400000, 0x0000000086980000, 0x00000000d5c00000)
  object space 87552K, 38% used [0x0000000081400000,0x00000000834a3220,0x0000000086980000)
 Metaspace       used 19661K, capacity 20442K, committed 20608K, reserved 1067008K
  class space    used 2416K, capacity 2608K, committed 2688K, reserved 1048576K
Event: 4.225 GC heap after
Heap after GC invocations=10 (full 0):
 PSYoungGen      total 125952K, used 1088K [0x00000000d5c00000, 0x00000000deb00000, 0x0000000100000000)
  eden space 106496K, 0% used [0x00000000d5c00000,0x00000000d5c00000,0x00000000dc400000)
  from space 19456K, 5% used [0x00000000dd800000,0x00000000dd910000,0x00000000deb00000)
  to   space 19968K, 0% used [0x00000000dc400000,0x00000000dc400000,0x00000000dd780000)
 ParOldGen       total 87552K, used 34316K [0x0000000081400000, 0x0000000086980000, 0x00000000d5c00000)
  object space 87552K, 39% used [0x0000000081400000,0x0000000083583220,0x0000000086980000)
 Metaspace       used 19661K, capacity 20442K, committed 20608K, reserved 1067008K
  class space    used 2416K, capacity 2608K, committed 2688K, reserved 1048576K
}

